<?xml version="1.0" encoding="UTF-8" ?>
<testsuite tests="41" failures="0" name="calendar.ApptTest" time="0.04" errors="0" skipped="0">
  <properties>
[...]
</properties>
  <testcase classname="calendar.ApptTest" name="testValidDaysInMonth" time="0.007"/>
  <testcase classname="calendar.ApptTest" name="testIsOn0" time="0"/>
  <testcase classname="calendar.ApptTest" name="testIsOn1" time="0"/>
  <testcase classname="calendar.ApptTest" name="testIsOn2" time="0"/>
  <testcase classname="calendar.ApptTest" name="testIsOn3" time="0"/>
  <testcase classname="calendar.ApptTest" name="testRepresntationApp0a" time="0.011"/>
  <testcase classname="calendar.ApptTest" name="testStartYearValidMutation0" time="0"/>
  <testcase classname="calendar.ApptTest" name="testgetRecurBy2" time="0.001"/>
  <testcase classname="calendar.ApptTest" name="testGetEmailAddress0" time="0.001"/>
  <testcase classname="calendar.ApptTest" name="testGetEmailAddress1" time="0"/>
  <testcase classname="calendar.ApptTest" name="testConstructor0" time="0.001"/>
  <testcase classname="calendar.ApptTest" name="testConstructor1" time="0.001"/>
  <testcase classname="calendar.ApptTest" name="testStartMinuteValidMutation0" time="0"/>
  <testcase classname="calendar.ApptTest" name="testStartMinuteValidMutation1" time="0.001"/>
  <testcase classname="calendar.ApptTest" name="testValidHour0" time="0.001"/>
  <testcase classname="calendar.ApptTest" name="testValidMonth" time="0.002"/>
  <testcase classname="calendar.ApptTest" name="testValidDay" time="0.001"/>
  <testcase classname="calendar.ApptTest" name="testgetRecurBy" time="0.001"/>
  <testcase classname="calendar.ApptTest" name="testToStringError" time="0"/>
  <testcase classname="calendar.ApptTest" name="testValidHour" time="0"/>
  <testcase classname="calendar.ApptTest" name="testValidYear" time="0.001"/>
  <testcase classname="calendar.ApptTest" name="testSetRecurDays0" time="0.004"/>
  <testcase classname="calendar.ApptTest" name="testSetRecurDays1" time="0"/>
  <testcase classname="calendar.ApptTest" name="testSetRecurrance0" time="0.001"/>
  <testcase classname="calendar.ApptTest" name="testSetRecurrance1" time="0"/>
  <testcase classname="calendar.ApptTest" name="testSetRecurrance2" time="0"/>
  <testcase classname="calendar.ApptTest" name="testHasTimeSet0" time="0.001"/>
  <testcase classname="calendar.ApptTest" name="testHasTimeSet1" time="0"/>
  <testcase classname="calendar.ApptTest" name="testSetDescription0" time="0.001"/>
  <testcase classname="calendar.ApptTest" name="testSetDescription1" time="0.001"/>
  <testcase classname="calendar.ApptTest" name="testSetXMLelement" time="0"/>
  <testcase classname="calendar.ApptTest" name="testRepresntationApp0" time="0"/>
  <testcase classname="calendar.ApptTest" name="testRepresntationApp1" time="0"/>
  <testcase classname="calendar.ApptTest" name="testXMLNull" time="0.001"/>
  <testcase classname="calendar.ApptTest" name="testSetTitle0" time="0"/>
  <testcase classname="calendar.ApptTest" name="testSetTitle1" time="0"/>
  <testcase classname="calendar.ApptTest" name="testValidMinute" time="0"/>
  <testcase classname="calendar.ApptTest" name="testStartHourValidMutation0" time="0"/>
  <testcase classname="calendar.ApptTest" name="testStartHourValidMutation1" time="0.001"/>
  <testcase classname="calendar.ApptTest" name="testStartMonthValidMutation0" time="0"/>
  <testcase classname="calendar.ApptTest" name="testStartMonthValidMutation1" time="0.001"/>
</testsuite>