<?xml version="1.0" encoding="UTF-8" ?>
<testsuite tests="29" failures="5" name="calendar.ApptTest" time="0.085" errors="0" skipped="0">
  <properties>
[...]
</properties>
  <testcase classname="calendar.ApptTest" name="testValidDaysInMonth" time="0.024">
    <failure type="java.lang.AssertionError">java.lang.AssertionError
	at org.junit.Assert.fail(Assert.java:86)
	at org.junit.Assert.assertTrue(Assert.java:41)
	at org.junit.Assert.assertFalse(Assert.java:64)
	at org.junit.Assert.assertFalse(Assert.java:74)
	at calendar.ApptTest.testValidDaysInMonth(ApptTest.java:87)
	at java.base/jdk.internal.reflect.NativeMethodAccessorImpl.invoke0(Native Method)
	at java.base/jdk.internal.reflect.NativeMethodAccessorImpl.invoke(NativeMethodAccessorImpl.java:62)
	at java.base/jdk.internal.reflect.DelegatingMethodAccessorImpl.invoke(DelegatingMethodAccessorImpl.java:43)
	at java.base/java.lang.reflect.Method.invoke(Method.java:564)
	at org.junit.runners.model.FrameworkMethod$1.runReflectiveCall(FrameworkMethod.java:50)
	at org.junit.internal.runners.model.ReflectiveCallable.run(ReflectiveCallable.java:12)
	at org.junit.runners.model.FrameworkMethod.invokeExplosively(FrameworkMethod.java:47)
	at org.junit.internal.runners.statements.InvokeMethod.evaluate(InvokeMethod.java:17)
	at org.junit.internal.runners.statements.FailOnTimeout$CallableStatement.call(FailOnTimeout.java:298)
	at org.junit.internal.runners.statements.FailOnTimeout$CallableStatement.call(FailOnTimeout.java:292)
	at java.base/java.util.concurrent.FutureTask.run(FutureTask.java:264)
	at java.base/java.lang.Thread.run(Thread.java:844)
</failure>
  </testcase>
  <testcase classname="calendar.ApptTest" name="testIsOn0" time="0.003"/>
  <testcase classname="calendar.ApptTest" name="testIsOn1" time="0.002"/>
  <testcase classname="calendar.ApptTest" name="testIsOn2" time="0.002"/>
  <testcase classname="calendar.ApptTest" name="testIsOn3" time="0.003"/>
  <testcase classname="calendar.ApptTest" name="testGetEmailAddress0" time="0.012">
    <failure message="expected:&lt;[foo@bar.com]&gt; but was:&lt;[]&gt;" type="org.junit.ComparisonFailure">org.junit.ComparisonFailure: expected:&lt;[foo@bar.com]&gt; but was:&lt;[]&gt;
	at org.junit.Assert.assertEquals(Assert.java:115)
	at org.junit.Assert.assertEquals(Assert.java:144)
	at calendar.ApptTest.testGetEmailAddress0(ApptTest.java:186)
	at java.base/jdk.internal.reflect.NativeMethodAccessorImpl.invoke0(Native Method)
	at java.base/jdk.internal.reflect.NativeMethodAccessorImpl.invoke(NativeMethodAccessorImpl.java:62)
	at java.base/jdk.internal.reflect.DelegatingMethodAccessorImpl.invoke(DelegatingMethodAccessorImpl.java:43)
	at java.base/java.lang.reflect.Method.invoke(Method.java:564)
	at org.junit.runners.model.FrameworkMethod$1.runReflectiveCall(FrameworkMethod.java:50)
	at org.junit.internal.runners.model.ReflectiveCallable.run(ReflectiveCallable.java:12)
	at org.junit.runners.model.FrameworkMethod.invokeExplosively(FrameworkMethod.java:47)
	at org.junit.internal.runners.statements.InvokeMethod.evaluate(InvokeMethod.java:17)
	at org.junit.internal.runners.statements.FailOnTimeout$CallableStatement.call(FailOnTimeout.java:298)
	at org.junit.internal.runners.statements.FailOnTimeout$CallableStatement.call(FailOnTimeout.java:292)
	at java.base/java.util.concurrent.FutureTask.run(FutureTask.java:264)
	at java.base/java.lang.Thread.run(Thread.java:844)
</failure>
  </testcase>
  <testcase classname="calendar.ApptTest" name="testGetEmailAddress1" time="0.001"/>
  <testcase classname="calendar.ApptTest" name="testConstructor0" time="0.003">
    <failure message="expected:&lt;	14/9/2018 at 3:30[p]m ,Birthday Party, T...&gt; but was:&lt;	14/9/2018 at 3:30[a]m ,Birthday Party, T...&gt;" type="org.junit.ComparisonFailure">org.junit.ComparisonFailure: expected:&lt;	14/9/2018 at 3:30[p]m ,Birthday Party, T...&gt; but was:&lt;	14/9/2018 at 3:30[a]m ,Birthday Party, T...&gt;
	at org.junit.Assert.assertEquals(Assert.java:115)
	at org.junit.Assert.assertEquals(Assert.java:144)
	at calendar.ApptTest.testConstructor0(ApptTest.java:32)
	at java.base/jdk.internal.reflect.NativeMethodAccessorImpl.invoke0(Native Method)
	at java.base/jdk.internal.reflect.NativeMethodAccessorImpl.invoke(NativeMethodAccessorImpl.java:62)
	at java.base/jdk.internal.reflect.DelegatingMethodAccessorImpl.invoke(DelegatingMethodAccessorImpl.java:43)
	at java.base/java.lang.reflect.Method.invoke(Method.java:564)
	at org.junit.runners.model.FrameworkMethod$1.runReflectiveCall(FrameworkMethod.java:50)
	at org.junit.internal.runners.model.ReflectiveCallable.run(ReflectiveCallable.java:12)
	at org.junit.runners.model.FrameworkMethod.invokeExplosively(FrameworkMethod.java:47)
	at org.junit.internal.runners.statements.InvokeMethod.evaluate(InvokeMethod.java:17)
	at org.junit.internal.runners.statements.FailOnTimeout$CallableStatement.call(FailOnTimeout.java:298)
	at org.junit.internal.runners.statements.FailOnTimeout$CallableStatement.call(FailOnTimeout.java:292)
	at java.base/java.util.concurrent.FutureTask.run(FutureTask.java:264)
	at java.base/java.lang.Thread.run(Thread.java:844)
</failure>
  </testcase>
  <testcase classname="calendar.ApptTest" name="testConstructor1" time="0.001"/>
  <testcase classname="calendar.ApptTest" name="testValidMonth" time="0.001"/>
  <testcase classname="calendar.ApptTest" name="testValidDay" time="0.002"/>
  <testcase classname="calendar.ApptTest" name="testgetRecurBy" time="0.001"/>
  <testcase classname="calendar.ApptTest" name="testValidHour" time="0.001"/>
  <testcase classname="calendar.ApptTest" name="testValidYear" time="0.002"/>
  <testcase classname="calendar.ApptTest" name="testSetRecurDays0" time="0.007"/>
  <testcase classname="calendar.ApptTest" name="testSetRecurDays1" time="0.001"/>
  <testcase classname="calendar.ApptTest" name="testSetRecurrance0" time="0.001"/>
  <testcase classname="calendar.ApptTest" name="testSetRecurrance1" time="0"/>
  <testcase classname="calendar.ApptTest" name="testSetRecurrance2" time="0.001"/>
  <testcase classname="calendar.ApptTest" name="testHasTimeSet0" time="0.002"/>
  <testcase classname="calendar.ApptTest" name="testHasTimeSet1" time="0.001"/>
  <testcase classname="calendar.ApptTest" name="testSetDescription0" time="0.001"/>
  <testcase classname="calendar.ApptTest" name="testSetDescription1" time="0.001"/>
  <testcase classname="calendar.ApptTest" name="testSetXMLelement" time="0.001"/>
  <testcase classname="calendar.ApptTest" name="testRepresntationApp0" time="0.003">
    <failure message="expected:&lt;	30/4/2017 at 10:30[p]m ,test appt please ...&gt; but was:&lt;	30/4/2017 at 10:30[a]m ,test appt please ...&gt;" type="org.junit.ComparisonFailure">org.junit.ComparisonFailure: expected:&lt;	30/4/2017 at 10:30[p]m ,test appt please ...&gt; but was:&lt;	30/4/2017 at 10:30[a]m ,test appt please ...&gt;
	at org.junit.Assert.assertEquals(Assert.java:115)
	at org.junit.Assert.assertEquals(Assert.java:144)
	at calendar.ApptTest.testRepresntationApp0(ApptTest.java:197)
	at java.base/jdk.internal.reflect.NativeMethodAccessorImpl.invoke0(Native Method)
	at java.base/jdk.internal.reflect.NativeMethodAccessorImpl.invoke(NativeMethodAccessorImpl.java:62)
	at java.base/jdk.internal.reflect.DelegatingMethodAccessorImpl.invoke(DelegatingMethodAccessorImpl.java:43)
	at java.base/java.lang.reflect.Method.invoke(Method.java:564)
	at org.junit.runners.model.FrameworkMethod$1.runReflectiveCall(FrameworkMethod.java:50)
	at org.junit.internal.runners.model.ReflectiveCallable.run(ReflectiveCallable.java:12)
	at org.junit.runners.model.FrameworkMethod.invokeExplosively(FrameworkMethod.java:47)
	at org.junit.internal.runners.statements.InvokeMethod.evaluate(InvokeMethod.java:17)
	at org.junit.internal.runners.statements.FailOnTimeout$CallableStatement.call(FailOnTimeout.java:298)
	at org.junit.internal.runners.statements.FailOnTimeout$CallableStatement.call(FailOnTimeout.java:292)
	at java.base/java.util.concurrent.FutureTask.run(FutureTask.java:264)
	at java.base/java.lang.Thread.run(Thread.java:844)
</failure>
  </testcase>
  <testcase classname="calendar.ApptTest" name="testRepresntationApp1" time="0.004">
    <failure message="expected:&lt;	30/4/2017 at 12:30[a]m ,test appt please ...&gt; but was:&lt;	30/4/2017 at 12:30[p]m ,test appt please ...&gt;" type="org.junit.ComparisonFailure">org.junit.ComparisonFailure: expected:&lt;	30/4/2017 at 12:30[a]m ,test appt please ...&gt; but was:&lt;	30/4/2017 at 12:30[p]m ,test appt please ...&gt;
	at org.junit.Assert.assertEquals(Assert.java:115)
	at org.junit.Assert.assertEquals(Assert.java:144)
	at calendar.ApptTest.testRepresntationApp1(ApptTest.java:203)
	at java.base/jdk.internal.reflect.NativeMethodAccessorImpl.invoke0(Native Method)
	at java.base/jdk.internal.reflect.NativeMethodAccessorImpl.invoke(NativeMethodAccessorImpl.java:62)
	at java.base/jdk.internal.reflect.DelegatingMethodAccessorImpl.invoke(DelegatingMethodAccessorImpl.java:43)
	at java.base/java.lang.reflect.Method.invoke(Method.java:564)
	at org.junit.runners.model.FrameworkMethod$1.runReflectiveCall(FrameworkMethod.java:50)
	at org.junit.internal.runners.model.ReflectiveCallable.run(ReflectiveCallable.java:12)
	at org.junit.runners.model.FrameworkMethod.invokeExplosively(FrameworkMethod.java:47)
	at org.junit.internal.runners.statements.InvokeMethod.evaluate(InvokeMethod.java:17)
	at org.junit.internal.runners.statements.FailOnTimeout$CallableStatement.call(FailOnTimeout.java:298)
	at org.junit.internal.runners.statements.FailOnTimeout$CallableStatement.call(FailOnTimeout.java:292)
	at java.base/java.util.concurrent.FutureTask.run(FutureTask.java:264)
	at java.base/java.lang.Thread.run(Thread.java:844)
</failure>
  </testcase>
  <testcase classname="calendar.ApptTest" name="testSetTitle0" time="0.002"/>
  <testcase classname="calendar.ApptTest" name="testSetTitle1" time="0.001"/>
  <testcase classname="calendar.ApptTest" name="testValidMinute" time="0.001"/>
</testsuite>